Performing C++ SOURCE FILE Test CMAKE_HAVE_LIBC_PTHREAD failed with the following output:
Change Dir: E:/Player/src/build-Player-Desktop_Qt_6_4_2_MSVC2019_64bit-Debug/CMakeFiles/CMakeTmp

Run Build Command(s):C:/PROGRA~1/MICROS~4/2022/PROFES~1/Common7/IDE/COMMON~1/MICROS~1/CMake/Ninja/ninja.exe cmTC_a505b && [1/2] Building CXX object CMakeFiles\cmTC_a505b.dir\src.cxx.obj
FAILED: CMakeFiles/cmTC_a505b.dir/src.cxx.obj 
C:\PROGRA~1\MICROS~4\2022\PROFES~1\VC\Tools\MSVC\1436~1.325\bin\HostX64\x64\cl.exe  /nologo /TP -DCMAKE_HAVE_LIBC_PTHREAD  -DQT_QML_DEBUG /DWIN32 /D_WINDOWS /W3 /GR /EHsc  /MDd /Zi /Ob0 /Od /RTC1 -std:c++17 /showIncludes /FoCMakeFiles\cmTC_a505b.dir\src.cxx.obj /FdCMakeFiles\cmTC_a505b.dir\ /FS -c E:\Player\src\build-Player-Desktop_Qt_6_4_2_MSVC2019_64bit-Debug\CMakeFiles\CMakeTmp\src.cxx
E:\Player\src\build-Player-Desktop_Qt_6_4_2_MSVC2019_64bit-Debug\CMakeFiles\CMakeTmp\src.cxx(1): fatal error C1083: 无法打开包括文件: “pthread.h”: No such file or directory
ninja: build stopped: subcommand failed.


Source file was:
#include <pthread.h>

static void* test_func(void* data)
{
  return data;
}

int main(void)
{
  pthread_t thread;
  pthread_create(&thread, NULL, test_func, NULL);
  pthread_detach(thread);
  pthread_cancel(thread);
  pthread_join(thread, NULL);
  pthread_atfork(NULL, NULL, NULL);
  pthread_exit(NULL);

  return 0;
}

Determining if the function pthread_create exists in the pthreads failed with the following output:
Change Dir: E:/Player/src/build-Player-Desktop_Qt_6_4_2_MSVC2019_64bit-Debug/CMakeFiles/CMakeTmp

Run Build Command(s):C:/PROGRA~1/MICROS~4/2022/PROFES~1/Common7/IDE/COMMON~1/MICROS~1/CMake/Ninja/ninja.exe cmTC_23a85 && [1/2] Building CXX object CMakeFiles\cmTC_23a85.dir\CheckFunctionExists.cxx.obj
[2/2] Linking CXX executable cmTC_23a85.exe
FAILED: cmTC_23a85.exe 
cmd.exe /C "cd . && E:\Qt\Tools\CMake_64\bin\cmake.exe -E vs_link_exe --intdir=CMakeFiles\cmTC_23a85.dir --rc=C:\PROGRA~2\WI3CF2~1\10\bin\100220~1.0\x64\rc.exe --mt=C:\PROGRA~2\WI3CF2~1\10\bin\100220~1.0\x64\mt.exe --manifests  -- C:\PROGRA~1\MICROS~4\2022\PROFES~1\VC\Tools\MSVC\1436~1.325\bin\Hostx64\x64\link.exe /nologo CMakeFiles\cmTC_23a85.dir\CheckFunctionExists.cxx.obj  /out:cmTC_23a85.exe /implib:cmTC_23a85.lib /pdb:cmTC_23a85.pdb /version:0.0 /machine:x64  /debug /INCREMENTAL /subsystem:console  pthreads.lib  kernel32.lib user32.lib gdi32.lib winspool.lib shell32.lib ole32.lib oleaut32.lib uuid.lib comdlg32.lib advapi32.lib && cd ."
LINK Pass 1: command "C:\PROGRA~1\MICROS~4\2022\PROFES~1\VC\Tools\MSVC\1436~1.325\bin\Hostx64\x64\link.exe /nologo CMakeFiles\cmTC_23a85.dir\CheckFunctionExists.cxx.obj /out:cmTC_23a85.exe /implib:cmTC_23a85.lib /pdb:cmTC_23a85.pdb /version:0.0 /machine:x64 /debug /INCREMENTAL /subsystem:console pthreads.lib kernel32.lib user32.lib gdi32.lib winspool.lib shell32.lib ole32.lib oleaut32.lib uuid.lib comdlg32.lib advapi32.lib /MANIFEST /MANIFESTFILE:CMakeFiles\cmTC_23a85.dir/intermediate.manifest CMakeFiles\cmTC_23a85.dir/manifest.res" failed (exit code 1104) with the following output:
LINK : fatal error LNK1104: 无法打开文件“pthreads.lib”
ninja: build stopped: subcommand failed.



Determining if the function pthread_create exists in the pthread failed with the following output:
Change Dir: E:/Player/src/build-Player-Desktop_Qt_6_4_2_MSVC2019_64bit-Debug/CMakeFiles/CMakeTmp

Run Build Command(s):C:/PROGRA~1/MICROS~4/2022/PROFES~1/Common7/IDE/COMMON~1/MICROS~1/CMake/Ninja/ninja.exe cmTC_c34b9 && [1/2] Building CXX object CMakeFiles\cmTC_c34b9.dir\CheckFunctionExists.cxx.obj
[2/2] Linking CXX executable cmTC_c34b9.exe
FAILED: cmTC_c34b9.exe 
cmd.exe /C "cd . && E:\Qt\Tools\CMake_64\bin\cmake.exe -E vs_link_exe --intdir=CMakeFiles\cmTC_c34b9.dir --rc=C:\PROGRA~2\WI3CF2~1\10\bin\100220~1.0\x64\rc.exe --mt=C:\PROGRA~2\WI3CF2~1\10\bin\100220~1.0\x64\mt.exe --manifests  -- C:\PROGRA~1\MICROS~4\2022\PROFES~1\VC\Tools\MSVC\1436~1.325\bin\Hostx64\x64\link.exe /nologo CMakeFiles\cmTC_c34b9.dir\CheckFunctionExists.cxx.obj  /out:cmTC_c34b9.exe /implib:cmTC_c34b9.lib /pdb:cmTC_c34b9.pdb /version:0.0 /machine:x64  /debug /INCREMENTAL /subsystem:console  pthread.lib  kernel32.lib user32.lib gdi32.lib winspool.lib shell32.lib ole32.lib oleaut32.lib uuid.lib comdlg32.lib advapi32.lib && cd ."
LINK Pass 1: command "C:\PROGRA~1\MICROS~4\2022\PROFES~1\VC\Tools\MSVC\1436~1.325\bin\Hostx64\x64\link.exe /nologo CMakeFiles\cmTC_c34b9.dir\CheckFunctionExists.cxx.obj /out:cmTC_c34b9.exe /implib:cmTC_c34b9.lib /pdb:cmTC_c34b9.pdb /version:0.0 /machine:x64 /debug /INCREMENTAL /subsystem:console pthread.lib kernel32.lib user32.lib gdi32.lib winspool.lib shell32.lib ole32.lib oleaut32.lib uuid.lib comdlg32.lib advapi32.lib /MANIFEST /MANIFESTFILE:CMakeFiles\cmTC_c34b9.dir/intermediate.manifest CMakeFiles\cmTC_c34b9.dir/manifest.res" failed (exit code 1104) with the following output:
LINK : fatal error LNK1104: 无法打开文件“pthread.lib”
ninja: build stopped: subcommand failed.



