e:\player\src\ctogether\debug\vc143.pdb
e:\player\src\ctogether\debug\moc_mainwindow.obj
e:\player\src\ctogether\debug\mainwindow.obj
e:\player\src\ctogether\debug\main.obj
e:\player\src\ctogether\debug\demux.obj
e:\player\src\ctogether\debug\single_core.obj
e:\player\src\ctogether\debug\decode.obj
e:\player\src\ctogether\debug\av_queues.obj
e:\player\src\ctogether\ui_mainwindow.h
e:\player\src\ctogether\debug\moc_mainwindow.cpp
e:\player\src\ctogether\debug\moc_predefs.h
e:\player\src\ctogether\debug\ctogether.exe
e:\player\src\ctogether\debug\ctogether.ilk
e:\player\src\ctogether\debug\ctogether.pdb
e:\player\src\ctogether\debug\ctogether.vc.pdb
e:\player\src\ctogether\debug\ctogether.tlog\cl.command.1.tlog
e:\player\src\ctogether\debug\ctogether.tlog\cl.items.tlog
e:\player\src\ctogether\debug\ctogether.tlog\cl.read.1.tlog
e:\player\src\ctogether\debug\ctogether.tlog\cl.write.1.tlog
e:\player\src\ctogether\debug\ctogether.tlog\ctogether.write.1u.tlog
e:\player\src\ctogether\debug\ctogether.tlog\custombuild.command.1.tlog
e:\player\src\ctogether\debug\ctogether.tlog\custombuild.read.1.tlog
e:\player\src\ctogether\debug\ctogether.tlog\custombuild.write.1.tlog
e:\player\src\ctogether\debug\ctogether.tlog\link.command.1.tlog
e:\player\src\ctogether\debug\ctogether.tlog\link.read.1.tlog
e:\player\src\ctogether\debug\ctogether.tlog\link.write.1.tlog
e:\player\src\ctogether\debug\ctogether.tlog\moc.read.1u.tlog
e:\player\src\ctogether\debug\ctogether.tlog\moc.write.1u.tlog
e:\player\src\ctogether\debug\ctogether.tlog\uic.read.1u.tlog
e:\player\src\ctogether\debug\ctogether.tlog\uic.write.1u.tlog
