  Generate moc_predefs.h
C:\Program Files\Microsoft Visual Studio\2022\Professional\MSBuild\Microsoft\VC\v170\Microsoft.CppCommon.targets(248,5): warning MSB8064: 项“debug\moc_predefs.h.cbt”的自定义生成成功，但指定的依赖项“e:\player\src\ctogether\debug\moc_predefs.h.cbt”不存在。这可能会导致增量生成无法正常工作。
  Uic'ing mainwindow.ui...
  Moc'ing decode.h...
  Moc'ing mainwindow.h...
  av_queues.cpp
  decode.cpp
  demux.cpp
  main.cpp
  mainwindow.cpp
  single_core.cpp
demux.cpp(51,20): warning C4018: “<”: 有符号/无符号不匹配
decode.cpp(89,1): warning C4102: “_OUT”: 未引用的标签
decode.cpp(101,66): warning C4100: “queues”: 未引用的形参
decode.cpp(109,18): warning C4189: “codec_audio”: 局部变量已初始化但不引用
decode.cpp(110,19): warning C4189: “codec_ctx_audio”: 局部变量已初始化但不引用
E:\Player\src\ctogether\av_queue.h(48,25): warning C4100: “tmp”: 未引用的形参 (编译源文件 av_queues.cpp)
E:\Player\src\ctogether\av_queue.h(49,1): message : 在编译 类 模板 成员函数“av_queue<AVPacket>::av_queue(T)”时
          with
          [
              T=AVPacket
          ] (编译源文件 av_queues.cpp)
av_queues.cpp(7,19): message : 请参阅 "av_queues::av_queues" 中对 "av_queue<AVPacket>::av_queue" 的第一个引用
mainwindow.cpp(23,42): warning C4100: “event”: 未引用的形参
av_queues.cpp(7,45): message : 查看对正在编译的 类 模板 实例化“av_queue<AVPacket>”的引用
E:\Player\src\ctogether\av_queue.h(153): warning C4172: 返回局部变量或临时变量的地址: element
E:\Player\src\ctogether\av_queue.h(153): warning C4172: 返回局部变量或临时变量的地址: element
E:\Player\src\ctogether\av_queue.h(153): warning C4172: 返回局部变量或临时变量的地址: element
E:\Player\src\ctogether\av_queue.h(133): warning C4172: 返回局部变量或临时变量的地址: element
E:\Player\src\ctogether\av_queue.h(153): warning C4172: 返回局部变量或临时变量的地址: element
E:\Player\src\ctogether\av_queue.h(153): warning C4172: 返回局部变量或临时变量的地址: element
  moc_decode.cpp
  moc_mainwindow.cpp
E:\Player\src\ctogether\av_queue.h(153): warning C4172: 返回局部变量或临时变量的地址: element
decode.obj : error LNK2005: "public: int __cdecl av_queue<class QImage>::ct_push_back(class QImage &)" (?ct_push_back@?$av_queue@VQImage@@@@QEAAHAEAVQImage@@@Z) 已经在 av_queues.obj 中定义
decode.obj : error LNK2005: "public: class QImage * __cdecl av_queue<class QImage>::ct_pop_front(void)" (?ct_pop_front@?$av_queue@VQImage@@@@QEAAPEAVQImage@@XZ) 已经在 av_queues.obj 中定义
demux.obj : error LNK2005: "public: int __cdecl av_queue<class QImage>::ct_push_back(class QImage &)" (?ct_push_back@?$av_queue@VQImage@@@@QEAAHAEAVQImage@@@Z) 已经在 av_queues.obj 中定义
demux.obj : error LNK2005: "public: class QImage * __cdecl av_queue<class QImage>::ct_pop_front(void)" (?ct_pop_front@?$av_queue@VQImage@@@@QEAAPEAVQImage@@XZ) 已经在 av_queues.obj 中定义
main.obj : error LNK2005: "public: int __cdecl av_queue<class QImage>::ct_push_back(class QImage &)" (?ct_push_back@?$av_queue@VQImage@@@@QEAAHAEAVQImage@@@Z) 已经在 av_queues.obj 中定义
main.obj : error LNK2005: "public: class QImage * __cdecl av_queue<class QImage>::ct_pop_front(void)" (?ct_pop_front@?$av_queue@VQImage@@@@QEAAPEAVQImage@@XZ) 已经在 av_queues.obj 中定义
mainwindow.obj : error LNK2005: "public: int __cdecl av_queue<class QImage>::ct_push_back(class QImage &)" (?ct_push_back@?$av_queue@VQImage@@@@QEAAHAEAVQImage@@@Z) 已经在 av_queues.obj 中定义
mainwindow.obj : error LNK2005: "public: class QImage * __cdecl av_queue<class QImage>::ct_pop_front(void)" (?ct_pop_front@?$av_queue@VQImage@@@@QEAAPEAVQImage@@XZ) 已经在 av_queues.obj 中定义
moc_decode.obj : error LNK2005: "public: int __cdecl av_queue<class QImage>::ct_push_back(class QImage &)" (?ct_push_back@?$av_queue@VQImage@@@@QEAAHAEAVQImage@@@Z) 已经在 av_queues.obj 中定义
moc_decode.obj : error LNK2005: "public: class QImage * __cdecl av_queue<class QImage>::ct_pop_front(void)" (?ct_pop_front@?$av_queue@VQImage@@@@QEAAPEAVQImage@@XZ) 已经在 av_queues.obj 中定义
debug\\ctogether.exe : fatal error LNK1169: 找到一个或多个多重定义的符号
